2022-03-05T00:27:17.4960426+02:00  [INF] Generating inbuilt accounts (d5983574)
2022-03-05T00:27:31.4443457+02:00  [INF] Inbuilt account generation completed (a663d88d)
2022-03-05T00:27:31.4631388+02:00  [INF] Seeding initial data (13b66d8a)
2022-03-05T00:27:31.4855742+02:00  [WRN] The query uses the 'First'/'FirstOrDefault' operator without 'OrderBy' and filter operators. This may lead to unpredictable results. (f43d926b)
2022-03-05T00:27:31.8310678+02:00  [INF] Seeding initial data completed (dcd778dd)
2022-03-05T00:27:31.9799768+02:00  [INF] Starting IdentityServer4 version "4.1.2+997a6cdd643e46cd5762b710c4ddc43574cbec2e" (8add0571)
2022-03-05T00:27:31.9912825+02:00  [INF] You are using the in-memory version of the persisted grant store. This will store consent decisions, authorization codes, refresh and reference tokens in memory only. If you are using any of those features in production, you want to switch to a different store implementation. (553c312b)
2022-03-05T00:27:31.9968413+02:00  [INF] Using the default authentication scheme "Identity.Application" for IdentityServer (4a54f457)
2022-03-05T00:27:33.1117116+02:00  [INF] Application started. Press Ctrl+C to shut down. (dcaefe54)
2022-03-05T00:27:33.1138547+02:00  [INF] Hosting environment: "Development" (c3307c92)
2022-03-05T00:27:33.1178959+02:00  [INF] Content root path: "D:\Test\ClupManagmeant\ClubManagment\ClubManagment\ClubManagment" (b5d60022)
2022-03-05T00:27:39.5676423+02:00  [ERR] os - Alias not found.
 (89822b29)
2022-03-05T00:27:57.9266732+02:00  [ERR] (node:11120) [DEP0148] DeprecationWarning: Use of deprecated folder mapping "./" in the "exports" field module resolution of the package at D:\Test\ClupManagmeant\ClubManagment\ClubManagment\ClubManagment\ClientApp\node_modules\postcss\package.json.
 (c1f22a4d)
2022-03-05T00:27:57.9300666+02:00  [ERR] Update this package.json to use a subpath pattern like "./*".
 (2add4188)
2022-03-05T00:27:57.9331110+02:00  [ERR] (Use `node --trace-deprecation ...` to show where the warning was created)
 (567f389e)
2022-03-05T00:28:41.2663081+02:00 800001c0-0001-fc00-b63f-84710c7967bb [INF] Invoking IdentityServer endpoint: "IdentityServer4.Endpoints.DiscoveryEndpoint" for "/.well-known/openid-configuration" (f7642de5)
2022-03-05T00:28:41.3534924+02:00 800001c7-0000-fe00-b63f-84710c7967bb [INF] Invoking IdentityServer endpoint: "IdentityServer4.Endpoints.DiscoveryKeyEndpoint" for "/.well-known/openid-configuration/jwks" (f7642de5)
2022-03-05T00:28:41.4173505+02:00 80000164-0003-fe00-b63f-84710c7967bb [INF] Invoking IdentityServer endpoint: "IdentityServer4.Endpoints.TokenEndpoint" for "/connect/token" (f7642de5)
2022-03-05T00:28:41.5205220+02:00 80000164-0003-fe00-b63f-84710c7967bb [INF] Credentials validated for username: "admin" (cb811aa7)
2022-03-05T00:28:41.5728221+02:00 80000164-0003-fe00-b63f-84710c7967bb [INF] Token request validation success, TokenRequestValidationLog { ClientId: "quickapp_spa", ClientName: null, GrantType: "password", Scopes: "email offline_access openid phone profile quickapp_api roles", AuthorizationCode: "********", RefreshToken: "********", UserName: "admin", AuthenticationContextReferenceClasses: null, Tenant: null, IdP: null, Raw: [("username": "admin"), ("password": "***REDACTED***"), ("client_id": "quickapp_spa"), ("grant_type": "password"), ("scope": "openid email phone profile offline_access roles quickapp_api")] } (3a073258)
