2022-03-07T00:04:36.4042733+02:00 80000008-0001-fc00-b63f-84710c7967bb [INF] Invoking IdentityServer endpoint: "IdentityServer4.Endpoints.DiscoveryEndpoint" for "/.well-known/openid-configuration" (f7642de5)
2022-03-07T00:04:36.5071689+02:00 8000000a-0001-fc00-b63f-84710c7967bb [INF] Invoking IdentityServer endpoint: "IdentityServer4.Endpoints.DiscoveryKeyEndpoint" for "/.well-known/openid-configuration/jwks" (f7642de5)
2022-03-07T00:04:36.5678349+02:00 80000006-0002-ff00-b63f-84710c7967bb [INF] Invoking IdentityServer endpoint: "IdentityServer4.Endpoints.TokenEndpoint" for "/connect/token" (f7642de5)
2022-03-07T00:04:37.0539582+02:00 80000006-0002-ff00-b63f-84710c7967bb [INF] Credentials validated for username: "admin" (cb811aa7)
2022-03-07T00:04:37.1417931+02:00 80000006-0002-ff00-b63f-84710c7967bb [INF] Token request validation success, TokenRequestValidationLog { ClientId: "quickapp_spa", ClientName: null, GrantType: "password", Scopes: "email offline_access openid phone profile quickapp_api roles", AuthorizationCode: "********", RefreshToken: "********", UserName: "admin", AuthenticationContextReferenceClasses: null, Tenant: null, IdP: null, Raw: [("username": "admin"), ("password": "***REDACTED***"), ("client_id": "quickapp_spa"), ("grant_type": "password"), ("scope": "openid email phone profile offline_access roles quickapp_api")] } (3a073258)
2022-03-07T00:04:38.0701679+02:00 80000006-0000-f900-b63f-84710c7967bb [INF] Invoking IdentityServer endpoint: "IdentityServer4.Endpoints.DiscoveryEndpoint" for "/.well-known/openid-configuration" (f7642de5)
2022-03-07T00:04:38.1788217+02:00 80000007-0000-f900-b63f-84710c7967bb [INF] Invoking IdentityServer endpoint: "IdentityServer4.Endpoints.DiscoveryKeyEndpoint" for "/.well-known/openid-configuration/jwks" (f7642de5)
2022-03-07T00:04:38.7952403+02:00 8000000c-0001-fc00-b63f-84710c7967bb [WRN] Compiling a query which loads related collections for more than one collection navigation either via 'Include' or through projection but no 'QuerySplittingBehavior' has been configured. By default Entity Framework will use 'QuerySplittingBehavior.SingleQuery' which can potentially result in slow query performance. See https://go.microsoft.com/fwlink/?linkid=2134277 for more information. To identify the query that's triggering this warning call 'ConfigureWarnings(w => w.Throw(RelationalEventId.MultipleCollectionIncludeWarning))' (74d62de4)
2022-03-07T00:04:38.7952405+02:00 80000002-0001-fb00-b63f-84710c7967bb [WRN] Compiling a query which loads related collections for more than one collection navigation either via 'Include' or through projection but no 'QuerySplittingBehavior' has been configured. By default Entity Framework will use 'QuerySplittingBehavior.SingleQuery' which can potentially result in slow query performance. See https://go.microsoft.com/fwlink/?linkid=2134277 for more information. To identify the query that's triggering this warning call 'ConfigureWarnings(w => w.Throw(RelationalEventId.MultipleCollectionIncludeWarning))' (74d62de4)
2022-03-07T00:06:10.7280029+02:00  [INF] Starting IdentityServer4 version "4.1.2+997a6cdd643e46cd5762b710c4ddc43574cbec2e" (8add0571)
2022-03-07T00:06:10.7529893+02:00  [INF] You are using the in-memory version of the persisted grant store. This will store consent decisions, authorization codes, refresh and reference tokens in memory only. If you are using any of those features in production, you want to switch to a different store implementation. (553c312b)
2022-03-07T00:06:10.7705228+02:00  [INF] Using the default authentication scheme "Identity.Application" for IdentityServer (4a54f457)
2022-03-07T00:06:11.8113645+02:00  [INF] Application started. Press Ctrl+C to shut down. (dcaefe54)
2022-03-07T00:06:11.8145859+02:00  [INF] Hosting environment: "Development" (c3307c92)
2022-03-07T00:06:11.8171709+02:00  [INF] Content root path: "D:\Test\ClupManagmeant\ClubManagment\ClubManagment\ClubManagment" (b5d60022)
2022-03-07T00:06:18.5399917+02:00  [ERR] os - Alias not found.
 (89822b29)
2022-03-07T00:06:37.5690041+02:00  [ERR] (node:5360) [DEP0148] DeprecationWarning: Use of deprecated folder mapping "./" in the "exports" field module resolution of the package at D:\Test\ClupManagmeant\ClubManagment\ClubManagment\ClubManagment\ClientApp\node_modules\postcss\package.json.
 (834eedd2)
2022-03-07T00:06:37.5725569+02:00  [ERR] Update this package.json to use a subpath pattern like "./*".
 (2add4188)
2022-03-07T00:06:37.5753320+02:00  [ERR] (Use `node --trace-deprecation ...` to show where the warning was created)
 (567f389e)
2022-03-07T00:07:13.2028993+02:00 80000007-0001-fd00-b63f-84710c7967bb [INF] Invoking IdentityServer endpoint: "IdentityServer4.Endpoints.DiscoveryEndpoint" for "/.well-known/openid-configuration" (f7642de5)
2022-03-07T00:07:13.3071245+02:00 80000002-0003-fd00-b63f-84710c7967bb [INF] Invoking IdentityServer endpoint: "IdentityServer4.Endpoints.DiscoveryKeyEndpoint" for "/.well-known/openid-configuration/jwks" (f7642de5)
2022-03-07T00:07:13.3640335+02:00 80000009-0001-fd00-b63f-84710c7967bb [INF] Invoking IdentityServer endpoint: "IdentityServer4.Endpoints.TokenEndpoint" for "/connect/token" (f7642de5)
2022-03-07T00:07:13.8131312+02:00 80000009-0001-fd00-b63f-84710c7967bb [INF] Credentials validated for username: "admin" (cb811aa7)
2022-03-07T00:07:13.8710721+02:00 80000009-0001-fd00-b63f-84710c7967bb [INF] Token request validation success, TokenRequestValidationLog { ClientId: "quickapp_spa", ClientName: null, GrantType: "password", Scopes: "email offline_access openid phone profile quickapp_api roles", AuthorizationCode: "********", RefreshToken: "********", UserName: "admin", AuthenticationContextReferenceClasses: null, Tenant: null, IdP: null, Raw: [("username": "admin"), ("password": "***REDACTED***"), ("client_id": "quickapp_spa"), ("grant_type": "password"), ("scope": "openid email phone profile offline_access roles quickapp_api")] } (3a073258)
2022-03-07T00:07:14.6199405+02:00 80000005-0000-ff00-b63f-84710c7967bb [INF] Invoking IdentityServer endpoint: "IdentityServer4.Endpoints.DiscoveryEndpoint" for "/.well-known/openid-configuration" (f7642de5)
2022-03-07T00:07:14.6819693+02:00 80000006-0000-ff00-b63f-84710c7967bb [INF] Invoking IdentityServer endpoint: "IdentityServer4.Endpoints.DiscoveryKeyEndpoint" for "/.well-known/openid-configuration/jwks" (f7642de5)
2022-03-07T00:07:15.2711559+02:00 80000006-0002-f800-b63f-84710c7967bb [WRN] Compiling a query which loads related collections for more than one collection navigation either via 'Include' or through projection but no 'QuerySplittingBehavior' has been configured. By default Entity Framework will use 'QuerySplittingBehavior.SingleQuery' which can potentially result in slow query performance. See https://go.microsoft.com/fwlink/?linkid=2134277 for more information. To identify the query that's triggering this warning call 'ConfigureWarnings(w => w.Throw(RelationalEventId.MultipleCollectionIncludeWarning))' (74d62de4)
2022-03-07T00:07:15.2714281+02:00 80000006-0002-fc00-b63f-84710c7967bb [WRN] Compiling a query which loads related collections for more than one collection navigation either via 'Include' or through projection but no 'QuerySplittingBehavior' has been configured. By default Entity Framework will use 'QuerySplittingBehavior.SingleQuery' which can potentially result in slow query performance. See https://go.microsoft.com/fwlink/?linkid=2134277 for more information. To identify the query that's triggering this warning call 'ConfigureWarnings(w => w.Throw(RelationalEventId.MultipleCollectionIncludeWarning))' (74d62de4)
2022-03-07T00:44:44.5081291+02:00  [ERR] Error: src/app/components/controls/todo-demo.component.ts:218:3 - error TS2393: Duplicate function implementation.
 (c706f238)
2022-03-07T00:44:44.5131775+02:00  [ERR] 218   save() {
 (b4703f1a)
2022-03-07T00:44:44.5177567+02:00  [ERR]       ~~~~
 (6dcae73d)
2022-03-07T00:44:44.5205478+02:00  [ERR] Error: src/app/components/controls/todo-demo.component.ts:229:3 - error TS2393: Duplicate function implementation.
 (437b3df5)
2022-03-07T00:44:44.5273672+02:00  [ERR] 229   save() {
 (85047bdf)
2022-03-07T00:44:44.5301702+02:00  [ERR]       ~~~~
 (6dcae73d)
2022-03-07T00:44:44.5367299+02:00  [ERR] Error: src/app/components/controls/todo-demo.component.ts:233:14 - error TS2339: Property 'isNewUser' does not exist on type 'TodoDemoComponent'.
 (842548cc)
2022-03-07T00:44:44.5500214+02:00  [ERR] 233     if (this.isNewUser) {
 (d366cd03)
2022-03-07T00:44:44.5532717+02:00  [ERR]                  ~~~~~~~~~
 (7102c159)
2022-03-07T00:44:44.5585925+02:00  [ERR] Error: src/app/components/controls/todo-demo.component.ts:234:112 - error TS2339: Property 'saveFailedHelper' does not exist on type 'TodoDemoComponent'.
 (8adf61c1)
2022-03-07T00:44:44.5642107+02:00  [ERR] 234       this.accountService.newUser(this.userEdit).subscribe(user => this.saveSuccessHelper(user), error => this.saveFailedHelper(error));
 (4d21fd05)
2022-03-07T00:44:44.5685664+02:00  [ERR]                                                                                                                    ~~~~~~~~~~~~~~~~
 (6f45f674)
2022-03-07T00:44:44.5765248+02:00  [ERR] Error: src/app/components/controls/todo-demo.component.ts:234:40 - error TS2339: Property 'userEdit' does not exist on type 'TodoDemoComponent'.
 (b6e5f557)
2022-03-07T00:44:44.5795229+02:00  [ERR] 234       this.accountService.newUser(this.userEdit).subscribe(user => this.saveSuccessHelper(user), error => this.saveFailedHelper(error));
 (4d21fd05)
2022-03-07T00:44:44.5842108+02:00  [ERR]                                            ~~~~~~~~
 (be8fda46)
2022-03-07T00:44:44.6034566+02:00  [ERR] Error: src/app/components/controls/todo-demo.component.ts:234:73 - error TS2339: Property 'saveSuccessHelper' does not exist on type 'TodoDemoComponent'.
 (1c104537)
2022-03-07T00:44:44.6075785+02:00  [ERR] 234       this.accountService.newUser(this.userEdit).subscribe(user => this.saveSuccessHelper(user), error => this.saveFailedHelper(error));
 (4d21fd05)
2022-03-07T00:44:44.6362918+02:00  [ERR]                                                                             ~~~~~~~~~~~~~~~~~
 (963b61b4)
2022-03-07T00:44:44.6432996+02:00  [ERR] Error: src/app/components/controls/todo-demo.component.ts:236:115 - error TS2339: Property 'saveFailedHelper' does not exist on type 'TodoDemoComponent'.
 (e67e2777)
2022-03-07T00:44:44.6487926+02:00  [ERR] 236       this.accountService.updateUser(this.userEdit).subscribe(response => this.saveSuccessHelper(), error => this.saveFailedHelper(error));
 (d7f51f27)
2022-03-07T00:44:44.6539906+02:00  [ERR]                                                                                                                       ~~~~~~~~~~~~~~~~
 (4b0f73c2)
2022-03-07T00:44:44.6572822+02:00  [ERR] Error: src/app/components/controls/todo-demo.component.ts:236:43 - error TS2339: Property 'userEdit' does not exist on type 'TodoDemoComponent'.
 (a7c1b197)
2022-03-07T00:44:44.6659432+02:00  [ERR] 236       this.accountService.updateUser(this.userEdit).subscribe(response => this.saveSuccessHelper(), error => this.saveFailedHelper(error));
 (d7f51f27)
2022-03-07T00:44:44.6690249+02:00  [ERR]                                               ~~~~~~~~
 (1557f420)
2022-03-07T00:44:44.6743466+02:00  [ERR] Error: src/app/components/controls/todo-demo.component.ts:236:80 - error TS2339: Property 'saveSuccessHelper' does not exist on type 'TodoDemoComponent'.
 (375b9355)
2022-03-07T00:44:44.6842187+02:00  [ERR] 236       this.accountService.updateUser(this.userEdit).subscribe(response => this.saveSuccessHelper(), error => this.saveFailedHelper(error));
 (d7f51f27)
2022-03-07T00:44:44.6896045+02:00  [ERR]                                                                                    ~~~~~~~~~~~~~~~~~
 (7127b89b)
2022-03-07T00:46:42.1506959+02:00  [ERR] Error: src/app/components/controls/todo-demo.component.ts:218:3 - error TS2393: Duplicate function implementation.
 (c706f238)
2022-03-07T00:46:42.1537098+02:00  [ERR] 218   save() {
 (b4703f1a)
2022-03-07T00:46:42.1566934+02:00  [ERR]       ~~~~
 (6dcae73d)
2022-03-07T00:46:42.1597046+02:00  [ERR] Error: src/app/components/controls/todo-demo.component.ts:229:3 - error TS2393: Duplicate function implementation.
 (437b3df5)
2022-03-07T00:46:42.1624324+02:00  [ERR] 229   save() {
 (85047bdf)
2022-03-07T00:46:42.1652344+02:00  [ERR]       ~~~~
 (6dcae73d)
2022-03-07T00:46:42.1685680+02:00  [ERR] Error: src/app/components/controls/todo-demo.component.ts:233:14 - error TS2339: Property 'isNewUser' does not exist on type 'TodoDemoComponent'.
 (842548cc)
2022-03-07T00:46:42.1724213+02:00  [ERR] 233     if (this.isNewUser) {
 (d366cd03)
2022-03-07T00:46:42.1753441+02:00  [ERR]                  ~~~~~~~~~
 (7102c159)
2022-03-07T00:46:42.1781382+02:00  [ERR] Error: src/app/components/controls/todo-demo.component.ts:234:112 - error TS2339: Property 'saveFailedHelper' does not exist on type 'TodoDemoComponent'.
 (8adf61c1)
2022-03-07T00:46:42.1808731+02:00  [ERR] 234       this.accountService.newUser(this.userEdit).subscribe(user => this.saveSuccessHelper(user), error => this.saveFailedHelper(error));
 (4d21fd05)
2022-03-07T00:46:42.1834960+02:00  [ERR]                                                                                                                    ~~~~~~~~~~~~~~~~
 (6f45f674)
2022-03-07T00:46:42.1867546+02:00  [ERR] Error: src/app/components/controls/todo-demo.component.ts:234:40 - error TS2339: Property 'userEdit' does not exist on type 'TodoDemoComponent'.
 (b6e5f557)
2022-03-07T00:46:42.1905010+02:00  [ERR] 234       this.accountService.newUser(this.userEdit).subscribe(user => this.saveSuccessHelper(user), error => this.saveFailedHelper(error));
 (4d21fd05)
2022-03-07T00:46:42.1936160+02:00  [ERR]                                            ~~~~~~~~
 (be8fda46)
2022-03-07T00:46:42.1966601+02:00  [ERR] Error: src/app/components/controls/todo-demo.component.ts:234:73 - error TS2339: Property 'saveSuccessHelper' does not exist on type 'TodoDemoComponent'.
 (1c104537)
2022-03-07T00:46:42.1998989+02:00  [ERR] 234       this.accountService.newUser(this.userEdit).subscribe(user => this.saveSuccessHelper(user), error => this.saveFailedHelper(error));
 (4d21fd05)
2022-03-07T00:46:42.2149550+02:00  [ERR]                                                                             ~~~~~~~~~~~~~~~~~
 (963b61b4)
2022-03-07T00:46:42.2181014+02:00  [ERR] Error: src/app/components/controls/todo-demo.component.ts:236:115 - error TS2339: Property 'saveFailedHelper' does not exist on type 'TodoDemoComponent'.
 (e67e2777)
2022-03-07T00:46:42.2211640+02:00  [ERR] 236       this.accountService.updateUser(this.userEdit).subscribe(response => this.saveSuccessHelper(), error => this.saveFailedHelper(error));
 (d7f51f27)
2022-03-07T00:46:42.2242283+02:00  [ERR]                                                                                                                       ~~~~~~~~~~~~~~~~
 (4b0f73c2)
2022-03-07T00:46:42.2273063+02:00  [ERR] Error: src/app/components/controls/todo-demo.component.ts:236:43 - error TS2339: Property 'userEdit' does not exist on type 'TodoDemoComponent'.
 (a7c1b197)
2022-03-07T00:46:42.2303504+02:00  [ERR] 236       this.accountService.updateUser(this.userEdit).subscribe(response => this.saveSuccessHelper(), error => this.saveFailedHelper(error));
 (d7f51f27)
2022-03-07T00:46:42.2332398+02:00  [ERR]                                               ~~~~~~~~
 (1557f420)
2022-03-07T00:46:42.2363813+02:00  [ERR] Error: src/app/components/controls/todo-demo.component.ts:236:80 - error TS2339: Property 'saveSuccessHelper' does not exist on type 'TodoDemoComponent'.
 (375b9355)
2022-03-07T00:46:42.2395200+02:00  [ERR] 236       this.accountService.updateUser(this.userEdit).subscribe(response => this.saveSuccessHelper(), error => this.saveFailedHelper(error));
 (d7f51f27)
2022-03-07T00:46:42.2425347+02:00  [ERR]                                                                                    ~~~~~~~~~~~~~~~~~
 (7127b89b)
2022-03-07T09:13:59.6362772+02:00 80000011-0002-fc00-b63f-84710c7967bb [INF] "Bearer" was not authenticated. Failure message: "IDX10223: Lifetime validation failed. The token is expired. ValidTo: '[PII is hidden. For more details, see https://aka.ms/IdentityModel/PII.]', Current time: '[PII is hidden. For more details, see https://aka.ms/IdentityModel/PII.]'." (48071232)
2022-03-07T09:13:59.6722119+02:00 80000011-0002-fc00-b63f-84710c7967bb [INF] AuthenticationScheme: "Bearer" was challenged. (d45f1f38)
2022-03-07T10:08:05.7521104+02:00  [INF] Starting IdentityServer4 version "4.1.2+997a6cdd643e46cd5762b710c4ddc43574cbec2e" (8add0571)
2022-03-07T10:08:05.8075358+02:00  [INF] You are using the in-memory version of the persisted grant store. This will store consent decisions, authorization codes, refresh and reference tokens in memory only. If you are using any of those features in production, you want to switch to a different store implementation. (553c312b)
2022-03-07T10:08:05.8215174+02:00  [INF] Using the default authentication scheme "Identity.Application" for IdentityServer (4a54f457)
2022-03-07T10:08:07.3598319+02:00  [INF] Application started. Press Ctrl+C to shut down. (dcaefe54)
2022-03-07T10:08:07.3634184+02:00  [INF] Hosting environment: "Development" (c3307c92)
2022-03-07T10:08:07.3753243+02:00  [INF] Content root path: "D:\Test\ClupManagmeant\ClubManagment\ClubManagment\ClubManagment" (b5d60022)
2022-03-07T10:08:18.2205779+02:00  [ERR] os - Alias not found.
 (89822b29)
2022-03-07T10:08:44.3290813+02:00  [ERR] (node:21384) [DEP0148] DeprecationWarning: Use of deprecated folder mapping "./" in the "exports" field module resolution of the package at D:\Test\ClupManagmeant\ClubManagment\ClubManagment\ClubManagment\ClientApp\node_modules\postcss\package.json.
 (c75b59ac)
2022-03-07T10:08:44.3447171+02:00  [ERR] Update this package.json to use a subpath pattern like "./*".
 (2add4188)
2022-03-07T10:08:44.3560175+02:00  [ERR] (Use `node --trace-deprecation ...` to show where the warning was created)
 (567f389e)
2022-03-07T10:18:00.1909311+02:00  [INF] Starting IdentityServer4 version "4.1.2+997a6cdd643e46cd5762b710c4ddc43574cbec2e" (8add0571)
2022-03-07T10:18:00.2171130+02:00  [INF] You are using the in-memory version of the persisted grant store. This will store consent decisions, authorization codes, refresh and reference tokens in memory only. If you are using any of those features in production, you want to switch to a different store implementation. (553c312b)
2022-03-07T10:18:00.2228396+02:00  [INF] Using the default authentication scheme "Identity.Application" for IdentityServer (4a54f457)
2022-03-07T10:18:01.1819311+02:00  [INF] Application started. Press Ctrl+C to shut down. (dcaefe54)
2022-03-07T10:18:01.1820500+02:00  [INF] Hosting environment: "Development" (c3307c92)
2022-03-07T10:18:01.1821106+02:00  [INF] Content root path: "D:\Test\ClupManagmeant\ClubManagment\ClubManagment\ClubManagment" (b5d60022)
2022-03-07T10:18:07.9718920+02:00  [ERR] os - Alias not found.
 (89822b29)
2022-03-07T10:18:24.2504310+02:00  [ERR] (node:13432) [DEP0148] DeprecationWarning: Use of deprecated folder mapping "./" in the "exports" field module resolution of the package at D:\Test\ClupManagmeant\ClubManagment\ClubManagment\ClubManagment\ClientApp\node_modules\postcss\package.json.
 (3717b3d8)
2022-03-07T10:18:24.2504743+02:00  [ERR] Update this package.json to use a subpath pattern like "./*".
 (2add4188)
2022-03-07T10:18:24.2505054+02:00  [ERR] (Use `node --trace-deprecation ...` to show where the warning was created)
 (567f389e)
2022-03-07T10:29:48.4499607+02:00 8000000c-0000-fb00-b63f-84710c7967bb [INF] Invoking IdentityServer endpoint: "IdentityServer4.Endpoints.DiscoveryEndpoint" for "/.well-known/openid-configuration" (f7642de5)
2022-03-07T10:29:48.5335724+02:00 8000000e-0000-fb00-b63f-84710c7967bb [INF] Invoking IdentityServer endpoint: "IdentityServer4.Endpoints.DiscoveryKeyEndpoint" for "/.well-known/openid-configuration/jwks" (f7642de5)
2022-03-07T10:29:48.5693860+02:00 80000019-0002-fc00-b63f-84710c7967bb [INF] Invoking IdentityServer endpoint: "IdentityServer4.Endpoints.TokenEndpoint" for "/connect/token" (f7642de5)
2022-03-07T10:29:48.9080655+02:00 80000019-0002-fc00-b63f-84710c7967bb [INF] Credentials validated for username: "admin" (cb811aa7)
2022-03-07T10:29:48.9418175+02:00 80000019-0002-fc00-b63f-84710c7967bb [INF] Token request validation success, TokenRequestValidationLog { ClientId: "quickapp_spa", ClientName: null, GrantType: "password", Scopes: "email offline_access openid phone profile quickapp_api roles", AuthorizationCode: "********", RefreshToken: "********", UserName: "admin", AuthenticationContextReferenceClasses: null, Tenant: null, IdP: null, Raw: [("username": "admin"), ("password": "***REDACTED***"), ("client_id": "quickapp_spa"), ("grant_type": "password"), ("scope": "openid email phone profile offline_access roles quickapp_api")] } (3a073258)
2022-03-07T10:29:49.5192066+02:00 80000010-0000-fb00-b63f-84710c7967bb [INF] Invoking IdentityServer endpoint: "IdentityServer4.Endpoints.DiscoveryEndpoint" for "/.well-known/openid-configuration" (f7642de5)
2022-03-07T10:29:49.5818294+02:00 80000011-0000-fb00-b63f-84710c7967bb [INF] Invoking IdentityServer endpoint: "IdentityServer4.Endpoints.DiscoveryKeyEndpoint" for "/.well-known/openid-configuration/jwks" (f7642de5)
2022-03-07T10:29:50.0418982+02:00 80000016-0003-ff00-b63f-84710c7967bb [WRN] Compiling a query which loads related collections for more than one collection navigation either via 'Include' or through projection but no 'QuerySplittingBehavior' has been configured. By default Entity Framework will use 'QuerySplittingBehavior.SingleQuery' which can potentially result in slow query performance. See https://go.microsoft.com/fwlink/?linkid=2134277 for more information. To identify the query that's triggering this warning call 'ConfigureWarnings(w => w.Throw(RelationalEventId.MultipleCollectionIncludeWarning))' (74d62de4)
2022-03-07T10:29:50.0418981+02:00 8000000a-0003-fd00-b63f-84710c7967bb [WRN] Compiling a query which loads related collections for more than one collection navigation either via 'Include' or through projection but no 'QuerySplittingBehavior' has been configured. By default Entity Framework will use 'QuerySplittingBehavior.SingleQuery' which can potentially result in slow query performance. See https://go.microsoft.com/fwlink/?linkid=2134277 for more information. To identify the query that's triggering this warning call 'ConfigureWarnings(w => w.Throw(RelationalEventId.MultipleCollectionIncludeWarning))' (74d62de4)
2022-03-07T10:38:08.7154025+02:00  [INF] Starting IdentityServer4 version "4.1.2+997a6cdd643e46cd5762b710c4ddc43574cbec2e" (8add0571)
2022-03-07T10:38:08.7589508+02:00  [INF] You are using the in-memory version of the persisted grant store. This will store consent decisions, authorization codes, refresh and reference tokens in memory only. If you are using any of those features in production, you want to switch to a different store implementation. (553c312b)
2022-03-07T10:38:08.7689291+02:00  [INF] Using the default authentication scheme "Identity.Application" for IdentityServer (4a54f457)
2022-03-07T10:38:09.7910328+02:00  [INF] Application started. Press Ctrl+C to shut down. (dcaefe54)
2022-03-07T10:38:09.7940298+02:00  [INF] Hosting environment: "Development" (c3307c92)
2022-03-07T10:38:09.7972224+02:00  [INF] Content root path: "D:\Test\ClupManagmeant\ClubManagment\ClubManagment\ClubManagment" (b5d60022)
2022-03-07T10:38:15.9991709+02:00  [ERR] os - Alias not found.
 (89822b29)
2022-03-07T10:38:33.6618552+02:00  [ERR] (node:11188) [DEP0148] DeprecationWarning: Use of deprecated folder mapping "./" in the "exports" field module resolution of the package at D:\Test\ClupManagmeant\ClubManagment\ClubManagment\ClubManagment\ClientApp\node_modules\postcss\package.json.
 (64b7dfb4)
2022-03-07T10:38:33.6652441+02:00  [ERR] Update this package.json to use a subpath pattern like "./*".
 (2add4188)
2022-03-07T10:38:33.6749050+02:00  [ERR] (Use `node --trace-deprecation ...` to show where the warning was created)
 (567f389e)
2022-03-07T10:39:14.4590936+02:00 80000014-0000-fa00-b63f-84710c7967bb [INF] Invoking IdentityServer endpoint: "IdentityServer4.Endpoints.DiscoveryEndpoint" for "/.well-known/openid-configuration" (f7642de5)
2022-03-07T10:39:14.5393838+02:00 80000022-0003-fd00-b63f-84710c7967bb [INF] Invoking IdentityServer endpoint: "IdentityServer4.Endpoints.DiscoveryKeyEndpoint" for "/.well-known/openid-configuration/jwks" (f7642de5)
2022-03-07T10:39:14.5882392+02:00 80000024-0003-fd00-b63f-84710c7967bb [INF] Invoking IdentityServer endpoint: "IdentityServer4.Endpoints.TokenEndpoint" for "/connect/token" (f7642de5)
2022-03-07T10:39:14.9730232+02:00 80000024-0003-fd00-b63f-84710c7967bb [INF] Credentials validated for username: "admin" (cb811aa7)
2022-03-07T10:39:15.0438581+02:00 80000024-0003-fd00-b63f-84710c7967bb [INF] Token request validation success, TokenRequestValidationLog { ClientId: "quickapp_spa", ClientName: null, GrantType: "password", Scopes: "email offline_access openid phone profile quickapp_api roles", AuthorizationCode: "********", RefreshToken: "********", UserName: "admin", AuthenticationContextReferenceClasses: null, Tenant: null, IdP: null, Raw: [("username": "admin"), ("password": "***REDACTED***"), ("client_id": "quickapp_spa"), ("grant_type": "password"), ("scope": "openid email phone profile offline_access roles quickapp_api")] } (3a073258)
2022-03-07T10:39:15.9077775+02:00 80000010-0000-f800-b63f-84710c7967bb [INF] Invoking IdentityServer endpoint: "IdentityServer4.Endpoints.DiscoveryEndpoint" for "/.well-known/openid-configuration" (f7642de5)
2022-03-07T10:39:15.9755657+02:00 80000011-0000-f800-b63f-84710c7967bb [INF] Invoking IdentityServer endpoint: "IdentityServer4.Endpoints.DiscoveryKeyEndpoint" for "/.well-known/openid-configuration/jwks" (f7642de5)
2022-03-07T10:39:16.6646720+02:00 80000016-0000-fa00-b63f-84710c7967bb [WRN] Compiling a query which loads related collections for more than one collection navigation either via 'Include' or through projection but no 'QuerySplittingBehavior' has been configured. By default Entity Framework will use 'QuerySplittingBehavior.SingleQuery' which can potentially result in slow query performance. See https://go.microsoft.com/fwlink/?linkid=2134277 for more information. To identify the query that's triggering this warning call 'ConfigureWarnings(w => w.Throw(RelationalEventId.MultipleCollectionIncludeWarning))' (74d62de4)
2022-03-07T10:39:16.6646918+02:00 80000026-0003-fd00-b63f-84710c7967bb [WRN] Compiling a query which loads related collections for more than one collection navigation either via 'Include' or through projection but no 'QuerySplittingBehavior' has been configured. By default Entity Framework will use 'QuerySplittingBehavior.SingleQuery' which can potentially result in slow query performance. See https://go.microsoft.com/fwlink/?linkid=2134277 for more information. To identify the query that's triggering this warning call 'ConfigureWarnings(w => w.Throw(RelationalEventId.MultipleCollectionIncludeWarning))' (74d62de4)
2022-03-07T10:46:19.6390067+02:00  [INF] Starting IdentityServer4 version "4.1.2+997a6cdd643e46cd5762b710c4ddc43574cbec2e" (8add0571)
2022-03-07T10:46:19.6810735+02:00  [INF] You are using the in-memory version of the persisted grant store. This will store consent decisions, authorization codes, refresh and reference tokens in memory only. If you are using any of those features in production, you want to switch to a different store implementation. (553c312b)
2022-03-07T10:46:19.6895763+02:00  [INF] Using the default authentication scheme "Identity.Application" for IdentityServer (4a54f457)
2022-03-07T10:46:21.4905711+02:00  [INF] Application started. Press Ctrl+C to shut down. (dcaefe54)
2022-03-07T10:46:21.4969866+02:00  [INF] Hosting environment: "Development" (c3307c92)
2022-03-07T10:46:21.5093073+02:00  [INF] Content root path: "D:\Test\ClupManagmeant\ClubManagment\ClubManagment\ClubManagment" (b5d60022)
2022-03-07T10:46:29.1288341+02:00  [ERR] os - Alias not found.
 (89822b29)
2022-03-07T10:46:51.9610729+02:00  [ERR] (node:9464) [DEP0148] DeprecationWarning: Use of deprecated folder mapping "./" in the "exports" field module resolution of the package at D:\Test\ClupManagmeant\ClubManagment\ClubManagment\ClubManagment\ClientApp\node_modules\postcss\package.json.
 (57fc2e68)
2022-03-07T10:46:51.9655999+02:00  [ERR] Update this package.json to use a subpath pattern like "./*".
 (2add4188)
2022-03-07T10:46:51.9687728+02:00  [ERR] (Use `node --trace-deprecation ...` to show where the warning was created)
 (567f389e)
2022-03-07T10:47:29.2568186+02:00 80000020-0000-fa00-b63f-84710c7967bb [INF] Invoking IdentityServer endpoint: "IdentityServer4.Endpoints.DiscoveryEndpoint" for "/.well-known/openid-configuration" (f7642de5)
2022-03-07T10:47:29.4305165+02:00 80000021-0000-fa00-b63f-84710c7967bb [INF] Invoking IdentityServer endpoint: "IdentityServer4.Endpoints.DiscoveryKeyEndpoint" for "/.well-known/openid-configuration/jwks" (f7642de5)
2022-03-07T10:47:30.1980508+02:00 8000000c-0003-fa00-b63f-84710c7967bb [WRN] Compiling a query which loads related collections for more than one collection navigation either via 'Include' or through projection but no 'QuerySplittingBehavior' has been configured. By default Entity Framework will use 'QuerySplittingBehavior.SingleQuery' which can potentially result in slow query performance. See https://go.microsoft.com/fwlink/?linkid=2134277 for more information. To identify the query that's triggering this warning call 'ConfigureWarnings(w => w.Throw(RelationalEventId.MultipleCollectionIncludeWarning))' (74d62de4)
2022-03-07T10:47:30.1980508+02:00 80000027-0002-fc00-b63f-84710c7967bb [WRN] Compiling a query which loads related collections for more than one collection navigation either via 'Include' or through projection but no 'QuerySplittingBehavior' has been configured. By default Entity Framework will use 'QuerySplittingBehavior.SingleQuery' which can potentially result in slow query performance. See https://go.microsoft.com/fwlink/?linkid=2134277 for more information. To identify the query that's triggering this warning call 'ConfigureWarnings(w => w.Throw(RelationalEventId.MultipleCollectionIncludeWarning))' (74d62de4)
2022-03-07T10:51:32.9062783+02:00 80000026-0001-fa00-b63f-84710c7967bb [INF] Invoking IdentityServer endpoint: "IdentityServer4.Endpoints.DiscoveryEndpoint" for "/.well-known/openid-configuration" (f7642de5)
2022-03-07T10:51:32.9266790+02:00 80000024-0000-ff00-b63f-84710c7967bb [INF] Invoking IdentityServer endpoint: "IdentityServer4.Endpoints.DiscoveryKeyEndpoint" for "/.well-known/openid-configuration/jwks" (f7642de5)
2022-03-07T10:51:32.9507938+02:00 80000010-0002-fd00-b63f-84710c7967bb [INF] Invoking IdentityServer endpoint: "IdentityServer4.Endpoints.TokenEndpoint" for "/connect/token" (f7642de5)
2022-03-07T10:51:33.0974271+02:00 80000010-0002-fd00-b63f-84710c7967bb [INF] Credentials validated for username: "user" (cb811aa7)
2022-03-07T10:51:33.1593367+02:00 80000010-0002-fd00-b63f-84710c7967bb [INF] Token request validation success, TokenRequestValidationLog { ClientId: "quickapp_spa", ClientName: null, GrantType: "password", Scopes: "email offline_access openid phone profile quickapp_api roles", AuthorizationCode: "********", RefreshToken: "********", UserName: "user", AuthenticationContextReferenceClasses: null, Tenant: null, IdP: null, Raw: [("username": "user"), ("password": "***REDACTED***"), ("client_id": "quickapp_spa"), ("grant_type": "password"), ("scope": "openid email phone profile offline_access roles quickapp_api")] } (3a073258)
2022-03-07T10:51:48.3532737+02:00 80000012-0002-fd00-b63f-84710c7967bb [INF] Invoking IdentityServer endpoint: "IdentityServer4.Endpoints.DiscoveryEndpoint" for "/.well-known/openid-configuration" (f7642de5)
2022-03-07T10:51:48.3722036+02:00 80000026-0000-ff00-b63f-84710c7967bb [INF] Invoking IdentityServer endpoint: "IdentityServer4.Endpoints.DiscoveryKeyEndpoint" for "/.well-known/openid-configuration/jwks" (f7642de5)
2022-03-07T10:51:48.3838020+02:00 8000002c-0001-fa00-b63f-84710c7967bb [INF] Invoking IdentityServer endpoint: "IdentityServer4.Endpoints.TokenEndpoint" for "/connect/token" (f7642de5)
2022-03-07T10:51:48.4202645+02:00 8000002c-0001-fa00-b63f-84710c7967bb [INF] Token request validation success, TokenRequestValidationLog { ClientId: "quickapp_spa", ClientName: null, GrantType: "refresh_token", Scopes: null, AuthorizationCode: "********", RefreshToken: "****05B9", UserName: null, AuthenticationContextReferenceClasses: null, Tenant: null, IdP: null, Raw: [("refresh_token": "***REDACTED***"), ("client_id": "quickapp_spa"), ("grant_type": "refresh_token")] } (3a073258)
2022-03-07T10:52:51.9592339+02:00 80000028-0000-ff00-b63f-84710c7967bb [INF] Invoking IdentityServer endpoint: "IdentityServer4.Endpoints.DiscoveryEndpoint" for "/.well-known/openid-configuration" (f7642de5)
2022-03-07T10:52:51.9765395+02:00 80000030-0001-fa00-b63f-84710c7967bb [INF] Invoking IdentityServer endpoint: "IdentityServer4.Endpoints.DiscoveryKeyEndpoint" for "/.well-known/openid-configuration/jwks" (f7642de5)
2022-03-07T10:52:51.9990145+02:00 80000014-0002-fd00-b63f-84710c7967bb [INF] Invoking IdentityServer endpoint: "IdentityServer4.Endpoints.TokenEndpoint" for "/connect/token" (f7642de5)
2022-03-07T10:52:52.0194318+02:00 80000014-0002-fd00-b63f-84710c7967bb [INF] Credentials validated for username: "admin" (cb811aa7)
2022-03-07T10:52:52.0248721+02:00 80000014-0002-fd00-b63f-84710c7967bb [INF] Token request validation success, TokenRequestValidationLog { ClientId: "quickapp_spa", ClientName: null, GrantType: "password", Scopes: "email offline_access openid phone profile quickapp_api roles", AuthorizationCode: "********", RefreshToken: "********", UserName: "admin", AuthenticationContextReferenceClasses: null, Tenant: null, IdP: null, Raw: [("username": "admin"), ("password": "***REDACTED***"), ("client_id": "quickapp_spa"), ("grant_type": "password"), ("scope": "openid email phone profile offline_access roles quickapp_api")] } (3a073258)
2022-03-07T10:52:58.2915848+02:00 80000016-0002-fd00-b63f-84710c7967bb [WRN] Compiling a query which loads related collections for more than one collection navigation either via 'Include' or through projection but no 'QuerySplittingBehavior' has been configured. By default Entity Framework will use 'QuerySplittingBehavior.SingleQuery' which can potentially result in slow query performance. See https://go.microsoft.com/fwlink/?linkid=2134277 for more information. To identify the query that's triggering this warning call 'ConfigureWarnings(w => w.Throw(RelationalEventId.MultipleCollectionIncludeWarning))' (74d62de4)
2022-03-07T10:55:11.9688200+02:00 80000038-0001-fa00-b63f-84710c7967bb [INF] Invoking IdentityServer endpoint: "IdentityServer4.Endpoints.DiscoveryEndpoint" for "/.well-known/openid-configuration" (f7642de5)
2022-03-07T10:55:11.9805285+02:00 8000001a-0002-fd00-b63f-84710c7967bb [INF] Invoking IdentityServer endpoint: "IdentityServer4.Endpoints.DiscoveryKeyEndpoint" for "/.well-known/openid-configuration/jwks" (f7642de5)
2022-03-07T10:55:11.9901447+02:00 8000002c-0000-ff00-b63f-84710c7967bb [INF] Invoking IdentityServer endpoint: "IdentityServer4.Endpoints.TokenEndpoint" for "/connect/token" (f7642de5)
2022-03-07T10:55:12.0113746+02:00 8000002c-0000-ff00-b63f-84710c7967bb [INF] Credentials validated for username: "admin" (cb811aa7)
2022-03-07T10:55:12.0144058+02:00 8000002c-0000-ff00-b63f-84710c7967bb [INF] Token request validation success, TokenRequestValidationLog { ClientId: "quickapp_spa", ClientName: null, GrantType: "password", Scopes: "email offline_access openid phone profile quickapp_api roles", AuthorizationCode: "********", RefreshToken: "********", UserName: "admin", AuthenticationContextReferenceClasses: null, Tenant: null, IdP: null, Raw: [("username": "admin"), ("password": "***REDACTED***"), ("client_id": "quickapp_spa"), ("grant_type": "password"), ("scope": "openid email phone profile offline_access roles quickapp_api")] } (3a073258)
2022-03-07T11:00:38.2581402+02:00  [INF] Starting IdentityServer4 version "4.1.2+997a6cdd643e46cd5762b710c4ddc43574cbec2e" (8add0571)
2022-03-07T11:00:38.3481821+02:00  [INF] You are using the in-memory version of the persisted grant store. This will store consent decisions, authorization codes, refresh and reference tokens in memory only. If you are using any of those features in production, you want to switch to a different store implementation. (553c312b)
2022-03-07T11:00:38.3553670+02:00  [INF] Using the default authentication scheme "Identity.Application" for IdentityServer (4a54f457)
2022-03-07T11:00:39.8591502+02:00  [INF] Application started. Press Ctrl+C to shut down. (dcaefe54)
2022-03-07T11:00:39.8711300+02:00  [INF] Hosting environment: "Development" (c3307c92)
2022-03-07T11:00:39.8735860+02:00  [INF] Content root path: "D:\Test\ClupManagmeant\ClubManagment\ClubManagment\ClubManagment" (b5d60022)
2022-03-07T11:00:48.2045927+02:00  [ERR] os - Alias not found.
 (89822b29)
2022-03-07T11:01:11.0954080+02:00  [ERR] (node:13868) [DEP0148] DeprecationWarning: Use of deprecated folder mapping "./" in the "exports" field module resolution of the package at D:\Test\ClupManagmeant\ClubManagment\ClubManagment\ClubManagment\ClientApp\node_modules\postcss\package.json.
 (140044da)
2022-03-07T11:01:11.0999336+02:00  [ERR] Update this package.json to use a subpath pattern like "./*".
 (2add4188)
2022-03-07T11:01:11.1030667+02:00  [ERR] (Use `node --trace-deprecation ...` to show where the warning was created)
 (567f389e)
2022-03-07T11:04:16.2677309+02:00 8000002b-0000-fb00-b63f-84710c7967bb [INF] Invoking IdentityServer endpoint: "IdentityServer4.Endpoints.DiscoveryEndpoint" for "/.well-known/openid-configuration" (f7642de5)
2022-03-07T11:04:16.3709595+02:00 80000002-0001-f900-b63f-84710c7967bb [INF] Invoking IdentityServer endpoint: "IdentityServer4.Endpoints.DiscoveryKeyEndpoint" for "/.well-known/openid-configuration/jwks" (f7642de5)
2022-03-07T11:04:16.4213430+02:00 8000002c-0002-fd00-b63f-84710c7967bb [INF] Invoking IdentityServer endpoint: "IdentityServer4.Endpoints.TokenEndpoint" for "/connect/token" (f7642de5)
2022-03-07T11:04:16.8601334+02:00 8000002c-0002-fd00-b63f-84710c7967bb [INF] Credentials validated for username: "admin" (cb811aa7)
2022-03-07T11:04:16.9599075+02:00 8000002c-0002-fd00-b63f-84710c7967bb [INF] Token request validation success, TokenRequestValidationLog { ClientId: "quickapp_spa", ClientName: null, GrantType: "password", Scopes: "email offline_access openid phone profile quickapp_api roles", AuthorizationCode: "********", RefreshToken: "********", UserName: "admin", AuthenticationContextReferenceClasses: null, Tenant: null, IdP: null, Raw: [("username": "admin"), ("password": "***REDACTED***"), ("client_id": "quickapp_spa"), ("grant_type": "password"), ("scope": "openid email phone profile offline_access roles quickapp_api")] } (3a073258)
2022-03-07T11:04:18.2207975+02:00 80000002-0001-f800-b63f-84710c7967bb [INF] Invoking IdentityServer endpoint: "IdentityServer4.Endpoints.DiscoveryEndpoint" for "/.well-known/openid-configuration" (f7642de5)
2022-03-07T11:04:18.3164614+02:00 80000003-0001-f800-b63f-84710c7967bb [INF] Invoking IdentityServer endpoint: "IdentityServer4.Endpoints.DiscoveryKeyEndpoint" for "/.well-known/openid-configuration/jwks" (f7642de5)
2022-03-07T11:04:19.1384350+02:00 8000002d-0000-fb00-b63f-84710c7967bb [WRN] Compiling a query which loads related collections for more than one collection navigation either via 'Include' or through projection but no 'QuerySplittingBehavior' has been configured. By default Entity Framework will use 'QuerySplittingBehavior.SingleQuery' which can potentially result in slow query performance. See https://go.microsoft.com/fwlink/?linkid=2134277 for more information. To identify the query that's triggering this warning call 'ConfigureWarnings(w => w.Throw(RelationalEventId.MultipleCollectionIncludeWarning))' (74d62de4)
2022-03-07T11:04:19.1381832+02:00 8000000e-0000-f900-b63f-84710c7967bb [WRN] Compiling a query which loads related collections for more than one collection navigation either via 'Include' or through projection but no 'QuerySplittingBehavior' has been configured. By default Entity Framework will use 'QuerySplittingBehavior.SingleQuery' which can potentially result in slow query performance. See https://go.microsoft.com/fwlink/?linkid=2134277 for more information. To identify the query that's triggering this warning call 'ConfigureWarnings(w => w.Throw(RelationalEventId.MultipleCollectionIncludeWarning))' (74d62de4)
2022-03-07T11:04:32.7094020+02:00 80000031-0000-fb00-b63f-84710c7967bb [INF] Invoking IdentityServer endpoint: "IdentityServer4.Endpoints.DiscoveryEndpoint" for "/.well-known/openid-configuration" (f7642de5)
2022-03-07T11:04:32.7332002+02:00 80000006-0001-f900-b63f-84710c7967bb [INF] Invoking IdentityServer endpoint: "IdentityServer4.Endpoints.DiscoveryKeyEndpoint" for "/.well-known/openid-configuration/jwks" (f7642de5)
2022-03-07T11:04:32.7482397+02:00 80000033-0000-fb00-b63f-84710c7967bb [INF] Invoking IdentityServer endpoint: "IdentityServer4.Endpoints.TokenEndpoint" for "/connect/token" (f7642de5)
2022-03-07T11:04:32.7928007+02:00 80000033-0000-fb00-b63f-84710c7967bb [INF] Token request validation success, TokenRequestValidationLog { ClientId: "quickapp_spa", ClientName: null, GrantType: "refresh_token", Scopes: null, AuthorizationCode: "********", RefreshToken: "****F75C", UserName: null, AuthenticationContextReferenceClasses: null, Tenant: null, IdP: null, Raw: [("refresh_token": "***REDACTED***"), ("client_id": "quickapp_spa"), ("grant_type": "refresh_token")] } (3a073258)
2022-03-07T11:04:42.8879202+02:00 80000035-0000-fb00-b63f-84710c7967bb [INF] Invoking IdentityServer endpoint: "IdentityServer4.Endpoints.DiscoveryEndpoint" for "/.well-known/openid-configuration" (f7642de5)
2022-03-07T11:04:42.9016916+02:00 8000000a-0001-f900-b63f-84710c7967bb [INF] Invoking IdentityServer endpoint: "IdentityServer4.Endpoints.DiscoveryKeyEndpoint" for "/.well-known/openid-configuration/jwks" (f7642de5)
2022-03-07T11:04:42.9324876+02:00 8000003b-0003-ff00-b63f-84710c7967bb [INF] Invoking IdentityServer endpoint: "IdentityServer4.Endpoints.TokenEndpoint" for "/connect/token" (f7642de5)
2022-03-07T11:04:42.9561171+02:00 8000003b-0003-ff00-b63f-84710c7967bb [INF] Credentials validated for username: "user" (cb811aa7)
2022-03-07T11:04:42.9607069+02:00 8000003b-0003-ff00-b63f-84710c7967bb [INF] Token request validation success, TokenRequestValidationLog { ClientId: "quickapp_spa", ClientName: null, GrantType: "password", Scopes: "email offline_access openid phone profile quickapp_api roles", AuthorizationCode: "********", RefreshToken: "********", UserName: "user", AuthenticationContextReferenceClasses: null, Tenant: null, IdP: null, Raw: [("username": "user"), ("password": "***REDACTED***"), ("client_id": "quickapp_spa"), ("grant_type": "password"), ("scope": "openid email phone profile offline_access roles quickapp_api")] } (3a073258)
2022-03-07T11:04:49.7851591+02:00 8000000e-0001-f900-b63f-84710c7967bb [INF] Invoking IdentityServer endpoint: "IdentityServer4.Endpoints.DiscoveryEndpoint" for "/.well-known/openid-configuration" (f7642de5)
2022-03-07T11:04:49.8063883+02:00 80000034-0002-fd00-b63f-84710c7967bb [INF] Invoking IdentityServer endpoint: "IdentityServer4.Endpoints.DiscoveryKeyEndpoint" for "/.well-known/openid-configuration/jwks" (f7642de5)
2022-03-07T11:04:49.8162138+02:00 80000036-0002-fd00-b63f-84710c7967bb [INF] Invoking IdentityServer endpoint: "IdentityServer4.Endpoints.TokenEndpoint" for "/connect/token" (f7642de5)
2022-03-07T11:04:49.8260110+02:00 80000036-0002-fd00-b63f-84710c7967bb [INF] Token request validation success, TokenRequestValidationLog { ClientId: "quickapp_spa", ClientName: null, GrantType: "refresh_token", Scopes: null, AuthorizationCode: "********", RefreshToken: "****FDB8", UserName: null, AuthenticationContextReferenceClasses: null, Tenant: null, IdP: null, Raw: [("refresh_token": "***REDACTED***"), ("client_id": "quickapp_spa"), ("grant_type": "refresh_token")] } (3a073258)
2022-03-07T11:55:21.4907001+02:00  [INF] Starting IdentityServer4 version "4.1.2+997a6cdd643e46cd5762b710c4ddc43574cbec2e" (8add0571)
2022-03-07T11:55:21.5310211+02:00  [INF] You are using the in-memory version of the persisted grant store. This will store consent decisions, authorization codes, refresh and reference tokens in memory only. If you are using any of those features in production, you want to switch to a different store implementation. (553c312b)
2022-03-07T11:55:21.5381852+02:00  [INF] Using the default authentication scheme "Identity.Application" for IdentityServer (4a54f457)
2022-03-07T11:55:23.0199912+02:00  [INF] Application started. Press Ctrl+C to shut down. (dcaefe54)
2022-03-07T11:55:23.0347609+02:00  [INF] Hosting environment: "Development" (c3307c92)
2022-03-07T11:55:23.0374239+02:00  [INF] Content root path: "D:\Test\ClupManagmeant\ClubManagment\ClubManagment\ClubManagment" (b5d60022)
2022-03-07T11:55:31.5198422+02:00  [ERR] os - Alias not found.
 (89822b29)
2022-03-07T11:55:53.9109172+02:00  [ERR] (node:14984) [DEP0148] DeprecationWarning: Use of deprecated folder mapping "./" in the "exports" field module resolution of the package at D:\Test\ClupManagmeant\ClubManagment\ClubManagment\ClubManagment\ClientApp\node_modules\postcss\package.json.
 (658f29a0)
2022-03-07T11:55:53.9343225+02:00  [ERR] Update this package.json to use a subpath pattern like "./*".
 (2add4188)
2022-03-07T11:55:53.9430778+02:00  [ERR] (Use `node --trace-deprecation ...` to show where the warning was created)
 (567f389e)
2022-03-07T11:56:23.8374049+02:00 80000018-0002-f800-b63f-84710c7967bb [INF] Invoking IdentityServer endpoint: "IdentityServer4.Endpoints.DiscoveryEndpoint" for "/.well-known/openid-configuration" (f7642de5)
2022-03-07T11:56:24.0182150+02:00 80000019-0002-f800-b63f-84710c7967bb [INF] Invoking IdentityServer endpoint: "IdentityServer4.Endpoints.DiscoveryKeyEndpoint" for "/.well-known/openid-configuration/jwks" (f7642de5)
2022-03-07T11:56:24.6689267+02:00 8000002f-0002-fc00-b63f-84710c7967bb [WRN] Compiling a query which loads related collections for more than one collection navigation either via 'Include' or through projection but no 'QuerySplittingBehavior' has been configured. By default Entity Framework will use 'QuerySplittingBehavior.SingleQuery' which can potentially result in slow query performance. See https://go.microsoft.com/fwlink/?linkid=2134277 for more information. To identify the query that's triggering this warning call 'ConfigureWarnings(w => w.Throw(RelationalEventId.MultipleCollectionIncludeWarning))' (74d62de4)
2022-03-07T11:56:37.5801012+02:00 8000003d-0000-fb00-b63f-84710c7967bb [INF] Invoking IdentityServer endpoint: "IdentityServer4.Endpoints.DiscoveryEndpoint" for "/.well-known/openid-configuration" (f7642de5)
2022-03-07T11:56:37.5977969+02:00 80000031-0002-fc00-b63f-84710c7967bb [INF] Invoking IdentityServer endpoint: "IdentityServer4.Endpoints.DiscoveryKeyEndpoint" for "/.well-known/openid-configuration/jwks" (f7642de5)
2022-03-07T11:56:37.6220053+02:00 8000000c-0003-fb00-b63f-84710c7967bb [INF] Invoking IdentityServer endpoint: "IdentityServer4.Endpoints.TokenEndpoint" for "/connect/token" (f7642de5)
2022-03-07T11:56:37.7904518+02:00 8000000c-0003-fb00-b63f-84710c7967bb [INF] Credentials validated for username: "admin" (cb811aa7)
2022-03-07T11:56:37.8457382+02:00 8000000c-0003-fb00-b63f-84710c7967bb [INF] Token request validation success, TokenRequestValidationLog { ClientId: "quickapp_spa", ClientName: null, GrantType: "password", Scopes: "email offline_access openid phone profile quickapp_api roles", AuthorizationCode: "********", RefreshToken: "********", UserName: "admin", AuthenticationContextReferenceClasses: null, Tenant: null, IdP: null, Raw: [("username": "admin"), ("password": "***REDACTED***"), ("client_id": "quickapp_spa"), ("grant_type": "password"), ("scope": "openid email phone profile offline_access roles quickapp_api")] } (3a073258)
2022-03-07T11:56:38.2220980+02:00 80000039-0001-fd00-b63f-84710c7967bb [WRN] Compiling a query which loads related collections for more than one collection navigation either via 'Include' or through projection but no 'QuerySplittingBehavior' has been configured. By default Entity Framework will use 'QuerySplittingBehavior.SingleQuery' which can potentially result in slow query performance. See https://go.microsoft.com/fwlink/?linkid=2134277 for more information. To identify the query that's triggering this warning call 'ConfigureWarnings(w => w.Throw(RelationalEventId.MultipleCollectionIncludeWarning))' (74d62de4)
2022-03-07T11:56:39.9641176+02:00 8000000e-0003-fb00-b63f-84710c7967bb [WRN] Compiling a query which loads related collections for more than one collection navigation either via 'Include' or through projection but no 'QuerySplittingBehavior' has been configured. By default Entity Framework will use 'QuerySplittingBehavior.SingleQuery' which can potentially result in slow query performance. See https://go.microsoft.com/fwlink/?linkid=2134277 for more information. To identify the query that's triggering this warning call 'ConfigureWarnings(w => w.Throw(RelationalEventId.MultipleCollectionIncludeWarning))' (74d62de4)
2022-03-07T11:57:11.0358684+02:00 80000047-0000-fb00-b63f-84710c7967bb [INF] Invoking IdentityServer endpoint: "IdentityServer4.Endpoints.DiscoveryEndpoint" for "/.well-known/openid-configuration" (f7642de5)
2022-03-07T11:57:11.0563016+02:00 8000003b-0001-fd00-b63f-84710c7967bb [INF] Invoking IdentityServer endpoint: "IdentityServer4.Endpoints.DiscoveryKeyEndpoint" for "/.well-known/openid-configuration/jwks" (f7642de5)
2022-03-07T11:57:11.0662367+02:00 80000037-0002-fc00-b63f-84710c7967bb [INF] Invoking IdentityServer endpoint: "IdentityServer4.Endpoints.TokenEndpoint" for "/connect/token" (f7642de5)
2022-03-07T11:57:11.1088592+02:00 80000037-0002-fc00-b63f-84710c7967bb [INF] Token request validation success, TokenRequestValidationLog { ClientId: "quickapp_spa", ClientName: null, GrantType: "refresh_token", Scopes: null, AuthorizationCode: "********", RefreshToken: "****8B86", UserName: null, AuthenticationContextReferenceClasses: null, Tenant: null, IdP: null, Raw: [("refresh_token": "***REDACTED***"), ("client_id": "quickapp_spa"), ("grant_type": "refresh_token")] } (3a073258)
2022-03-07T11:57:58.5007822+02:00 80000051-0000-fb00-b63f-84710c7967bb [INF] Invoking IdentityServer endpoint: "IdentityServer4.Endpoints.DiscoveryEndpoint" for "/.well-known/openid-configuration" (f7642de5)
2022-03-07T11:57:58.5171308+02:00 8000003d-0002-fc00-b63f-84710c7967bb [INF] Invoking IdentityServer endpoint: "IdentityServer4.Endpoints.DiscoveryKeyEndpoint" for "/.well-known/openid-configuration/jwks" (f7642de5)
2022-03-07T11:57:58.5404070+02:00 80000053-0000-fb00-b63f-84710c7967bb [INF] Invoking IdentityServer endpoint: "IdentityServer4.Endpoints.TokenEndpoint" for "/connect/token" (f7642de5)
2022-03-07T11:57:58.5586263+02:00 80000053-0000-fb00-b63f-84710c7967bb [INF] Credentials validated for username: "hany" (cb811aa7)
2022-03-07T11:57:58.5625551+02:00 80000053-0000-fb00-b63f-84710c7967bb [INF] Token request validation success, TokenRequestValidationLog { ClientId: "quickapp_spa", ClientName: null, GrantType: "password", Scopes: "email offline_access openid phone profile quickapp_api roles", AuthorizationCode: "********", RefreshToken: "********", UserName: "hany", AuthenticationContextReferenceClasses: null, Tenant: null, IdP: null, Raw: [("username": "hany"), ("password": "***REDACTED***"), ("client_id": "quickapp_spa"), ("grant_type": "password"), ("scope": "openid email phone profile offline_access roles quickapp_api")] } (3a073258)
2022-03-07T11:58:32.3295161+02:00 80000041-0001-fd00-b63f-84710c7967bb [INF] Invoking IdentityServer endpoint: "IdentityServer4.Endpoints.DiscoveryEndpoint" for "/.well-known/openid-configuration" (f7642de5)
2022-03-07T11:58:32.3451454+02:00 80000057-0000-fb00-b63f-84710c7967bb [INF] Invoking IdentityServer endpoint: "IdentityServer4.Endpoints.DiscoveryKeyEndpoint" for "/.well-known/openid-configuration/jwks" (f7642de5)
2022-03-07T11:58:32.3595179+02:00 8000002e-0003-fa00-b63f-84710c7967bb [INF] Invoking IdentityServer endpoint: "IdentityServer4.Endpoints.TokenEndpoint" for "/connect/token" (f7642de5)
2022-03-07T11:58:32.3676914+02:00 8000002e-0003-fa00-b63f-84710c7967bb [INF] Token request validation success, TokenRequestValidationLog { ClientId: "quickapp_spa", ClientName: null, GrantType: "refresh_token", Scopes: null, AuthorizationCode: "********", RefreshToken: "****C65C", UserName: null, AuthenticationContextReferenceClasses: null, Tenant: null, IdP: null, Raw: [("refresh_token": "***REDACTED***"), ("client_id": "quickapp_spa"), ("grant_type": "refresh_token")] } (3a073258)
2022-03-07T11:58:42.6875555+02:00 8000001d-0002-f800-b63f-84710c7967bb [INF] Invoking IdentityServer endpoint: "IdentityServer4.Endpoints.DiscoveryEndpoint" for "/.well-known/openid-configuration" (f7642de5)
2022-03-07T11:58:42.7026707+02:00 80000043-0001-fd00-b63f-84710c7967bb [INF] Invoking IdentityServer endpoint: "IdentityServer4.Endpoints.DiscoveryKeyEndpoint" for "/.well-known/openid-configuration/jwks" (f7642de5)
2022-03-07T11:58:42.7120654+02:00 8000001f-0002-f800-b63f-84710c7967bb [INF] Invoking IdentityServer endpoint: "IdentityServer4.Endpoints.TokenEndpoint" for "/connect/token" (f7642de5)
2022-03-07T11:58:42.7329743+02:00 8000001f-0002-f800-b63f-84710c7967bb [INF] Credentials validated for username: "hany" (cb811aa7)
2022-03-07T11:58:42.7365699+02:00 8000001f-0002-f800-b63f-84710c7967bb [INF] Token request validation success, TokenRequestValidationLog { ClientId: "quickapp_spa", ClientName: null, GrantType: "password", Scopes: "email offline_access openid phone profile quickapp_api roles", AuthorizationCode: "********", RefreshToken: "********", UserName: "hany", AuthenticationContextReferenceClasses: null, Tenant: null, IdP: null, Raw: [("username": "hany"), ("password": "***REDACTED***"), ("client_id": "quickapp_spa"), ("grant_type": "password"), ("scope": "openid email phone profile offline_access roles quickapp_api")] } (3a073258)
2022-03-07T11:58:54.6389320+02:00 80000030-0003-fa00-b63f-84710c7967bb [INF] Invoking IdentityServer endpoint: "IdentityServer4.Endpoints.DiscoveryEndpoint" for "/.well-known/openid-configuration" (f7642de5)
2022-03-07T11:58:54.6494331+02:00 80000023-0002-f800-b63f-84710c7967bb [INF] Invoking IdentityServer endpoint: "IdentityServer4.Endpoints.DiscoveryKeyEndpoint" for "/.well-known/openid-configuration/jwks" (f7642de5)
2022-03-07T11:58:54.6598675+02:00 8000005b-0000-fb00-b63f-84710c7967bb [INF] Invoking IdentityServer endpoint: "IdentityServer4.Endpoints.TokenEndpoint" for "/connect/token" (f7642de5)
2022-03-07T11:58:54.6818906+02:00 8000005b-0000-fb00-b63f-84710c7967bb [INF] Credentials validated for username: "admin" (cb811aa7)
2022-03-07T11:58:54.6859065+02:00 8000005b-0000-fb00-b63f-84710c7967bb [INF] Token request validation success, TokenRequestValidationLog { ClientId: "quickapp_spa", ClientName: null, GrantType: "password", Scopes: "email offline_access openid phone profile quickapp_api roles", AuthorizationCode: "********", RefreshToken: "********", UserName: "admin", AuthenticationContextReferenceClasses: null, Tenant: null, IdP: null, Raw: [("username": "admin"), ("password": "***REDACTED***"), ("client_id": "quickapp_spa"), ("grant_type": "password"), ("scope": "openid email phone profile offline_access roles quickapp_api")] } (3a073258)
2022-03-07T12:00:05.6288798+02:00 80000025-0002-f800-b63f-84710c7967bb [INF] Invoking IdentityServer endpoint: "IdentityServer4.Endpoints.DiscoveryEndpoint" for "/.well-known/openid-configuration" (f7642de5)
2022-03-07T12:00:05.6441057+02:00 80000049-0001-fd00-b63f-84710c7967bb [INF] Invoking IdentityServer endpoint: "IdentityServer4.Endpoints.DiscoveryKeyEndpoint" for "/.well-known/openid-configuration/jwks" (f7642de5)
2022-03-07T12:00:05.6572206+02:00 80000027-0002-f800-b63f-84710c7967bb [INF] Invoking IdentityServer endpoint: "IdentityServer4.Endpoints.TokenEndpoint" for "/connect/token" (f7642de5)
2022-03-07T12:00:05.6798447+02:00 80000027-0002-f800-b63f-84710c7967bb [INF] Credentials validated for username: "admin" (cb811aa7)
2022-03-07T12:00:05.6826730+02:00 80000027-0002-f800-b63f-84710c7967bb [INF] Token request validation success, TokenRequestValidationLog { ClientId: "quickapp_spa", ClientName: null, GrantType: "password", Scopes: "email offline_access openid phone profile quickapp_api roles", AuthorizationCode: "********", RefreshToken: "********", UserName: "admin", AuthenticationContextReferenceClasses: null, Tenant: null, IdP: null, Raw: [("username": "admin"), ("password": "***REDACTED***"), ("client_id": "quickapp_spa"), ("grant_type": "password"), ("scope": "openid email phone profile offline_access roles quickapp_api")] } (3a073258)
2022-03-07T12:02:32.0507185+02:00 8000004b-0001-fd00-b63f-84710c7967bb [INF] Invoking IdentityServer endpoint: "IdentityServer4.Endpoints.DiscoveryEndpoint" for "/.well-known/openid-configuration" (f7642de5)
2022-03-07T12:02:32.0613272+02:00 8000004d-0001-fd00-b63f-84710c7967bb [INF] Invoking IdentityServer endpoint: "IdentityServer4.Endpoints.DiscoveryKeyEndpoint" for "/.well-known/openid-configuration/jwks" (f7642de5)
2022-03-07T12:02:32.0702162+02:00 8000002d-0002-f800-b63f-84710c7967bb [INF] Invoking IdentityServer endpoint: "IdentityServer4.Endpoints.TokenEndpoint" for "/connect/token" (f7642de5)
2022-03-07T12:02:32.0872752+02:00 8000002d-0002-f800-b63f-84710c7967bb [INF] Credentials validated for username: "mahmoud" (cb811aa7)
2022-03-07T12:02:32.0913473+02:00 8000002d-0002-f800-b63f-84710c7967bb [INF] Token request validation success, TokenRequestValidationLog { ClientId: "quickapp_spa", ClientName: null, GrantType: "password", Scopes: "email offline_access openid phone profile quickapp_api roles", AuthorizationCode: "********", RefreshToken: "********", UserName: "mahmoud", AuthenticationContextReferenceClasses: null, Tenant: null, IdP: null, Raw: [("username": "mahmoud"), ("password": "***REDACTED***"), ("client_id": "quickapp_spa"), ("grant_type": "password"), ("scope": "openid email phone profile offline_access roles quickapp_api")] } (3a073258)
2022-03-07T12:02:40.4267138+02:00 80000031-0002-f800-b63f-84710c7967bb [INF] Invoking IdentityServer endpoint: "IdentityServer4.Endpoints.DiscoveryEndpoint" for "/.well-known/openid-configuration" (f7642de5)
2022-03-07T12:02:40.4477603+02:00 80000033-0002-f800-b63f-84710c7967bb [INF] Invoking IdentityServer endpoint: "IdentityServer4.Endpoints.DiscoveryKeyEndpoint" for "/.well-known/openid-configuration/jwks" (f7642de5)
2022-03-07T12:02:40.4596276+02:00 80000035-0002-f800-b63f-84710c7967bb [INF] Invoking IdentityServer endpoint: "IdentityServer4.Endpoints.TokenEndpoint" for "/connect/token" (f7642de5)
2022-03-07T12:02:40.4673440+02:00 80000035-0002-f800-b63f-84710c7967bb [INF] Token request validation success, TokenRequestValidationLog { ClientId: "quickapp_spa", ClientName: null, GrantType: "refresh_token", Scopes: null, AuthorizationCode: "********", RefreshToken: "****CFE5", UserName: null, AuthenticationContextReferenceClasses: null, Tenant: null, IdP: null, Raw: [("refresh_token": "***REDACTED***"), ("client_id": "quickapp_spa"), ("grant_type": "refresh_token")] } (3a073258)
2022-03-07T12:03:06.5412489+02:00 80000055-0001-fd00-b63f-84710c7967bb [INF] Invoking IdentityServer endpoint: "IdentityServer4.Endpoints.DiscoveryEndpoint" for "/.well-known/openid-configuration" (f7642de5)
2022-03-07T12:03:06.5512553+02:00 8000003b-0002-f800-b63f-84710c7967bb [INF] Invoking IdentityServer endpoint: "IdentityServer4.Endpoints.DiscoveryKeyEndpoint" for "/.well-known/openid-configuration/jwks" (f7642de5)
2022-03-07T12:03:06.5609531+02:00 8000003d-0002-f800-b63f-84710c7967bb [INF] Invoking IdentityServer endpoint: "IdentityServer4.Endpoints.TokenEndpoint" for "/connect/token" (f7642de5)
2022-03-07T12:03:06.5789421+02:00 8000003d-0002-f800-b63f-84710c7967bb [INF] Credentials validated for username: "admin" (cb811aa7)
2022-03-07T12:03:06.5821182+02:00 8000003d-0002-f800-b63f-84710c7967bb [INF] Token request validation success, TokenRequestValidationLog { ClientId: "quickapp_spa", ClientName: null, GrantType: "password", Scopes: "email offline_access openid phone profile quickapp_api roles", AuthorizationCode: "********", RefreshToken: "********", UserName: "admin", AuthenticationContextReferenceClasses: null, Tenant: null, IdP: null, Raw: [("username": "admin"), ("password": "***REDACTED***"), ("client_id": "quickapp_spa"), ("grant_type": "password"), ("scope": "openid email phone profile offline_access roles quickapp_api")] } (3a073258)
2022-03-07T12:29:02.3750913+02:00 8000003a-0003-fa00-b63f-84710c7967bb [INF] Invoking IdentityServer endpoint: "IdentityServer4.Endpoints.DiscoveryEndpoint" for "/.well-known/openid-configuration" (f7642de5)
2022-03-07T12:29:02.3885451+02:00 8000006d-0000-fb00-b63f-84710c7967bb [INF] Invoking IdentityServer endpoint: "IdentityServer4.Endpoints.DiscoveryKeyEndpoint" for "/.well-known/openid-configuration/jwks" (f7642de5)
2022-03-07T12:29:02.4008241+02:00 8000003c-0003-fa00-b63f-84710c7967bb [INF] Invoking IdentityServer endpoint: "IdentityServer4.Endpoints.TokenEndpoint" for "/connect/token" (f7642de5)
2022-03-07T12:29:02.4397077+02:00 8000003c-0003-fa00-b63f-84710c7967bb [INF] Credentials validated for username: "admin" (cb811aa7)
2022-03-07T12:29:02.4459762+02:00 8000003c-0003-fa00-b63f-84710c7967bb [INF] Token request validation success, TokenRequestValidationLog { ClientId: "quickapp_spa", ClientName: null, GrantType: "password", Scopes: "email offline_access openid phone profile quickapp_api roles", AuthorizationCode: "********", RefreshToken: "********", UserName: "admin", AuthenticationContextReferenceClasses: null, Tenant: null, IdP: null, Raw: [("username": "admin"), ("password": "***REDACTED***"), ("client_id": "quickapp_spa"), ("grant_type": "password"), ("scope": "openid email phone profile offline_access roles quickapp_api")] } (3a073258)
2022-03-07T12:30:53.4512471+02:00  [INF] Starting IdentityServer4 version "4.1.2+997a6cdd643e46cd5762b710c4ddc43574cbec2e" (8add0571)
2022-03-07T12:30:53.4725417+02:00  [INF] You are using the in-memory version of the persisted grant store. This will store consent decisions, authorization codes, refresh and reference tokens in memory only. If you are using any of those features in production, you want to switch to a different store implementation. (553c312b)
2022-03-07T12:30:53.4884241+02:00  [INF] Using the default authentication scheme "Identity.Application" for IdentityServer (4a54f457)
2022-03-07T12:30:54.4701012+02:00  [INF] Application started. Press Ctrl+C to shut down. (dcaefe54)
2022-03-07T12:30:54.4739235+02:00  [INF] Hosting environment: "Development" (c3307c92)
2022-03-07T12:30:54.4866874+02:00  [INF] Content root path: "D:\Test\ClupManagmeant\ClubManagment\ClubManagment\ClubManagment" (b5d60022)
2022-03-07T12:31:00.8032669+02:00  [ERR] os - Alias not found.
 (89822b29)
2022-03-07T12:31:20.3217517+02:00  [ERR] (node:14020) [DEP0148] DeprecationWarning: Use of deprecated folder mapping "./" in the "exports" field module resolution of the package at D:\Test\ClupManagmeant\ClubManagment\ClubManagment\ClubManagment\ClientApp\node_modules\postcss\package.json.
 (1b631ab5)
2022-03-07T12:31:20.3254629+02:00  [ERR] Update this package.json to use a subpath pattern like "./*".
 (2add4188)
2022-03-07T12:31:20.3309159+02:00  [ERR] (Use `node --trace-deprecation ...` to show where the warning was created)
 (567f389e)
2022-03-07T12:31:52.3823443+02:00 8000001d-0000-f800-b63f-84710c7967bb [INF] Invoking IdentityServer endpoint: "IdentityServer4.Endpoints.DiscoveryEndpoint" for "/.well-known/openid-configuration" (f7642de5)
2022-03-07T12:31:52.5531753+02:00 8000001e-0000-f800-b63f-84710c7967bb [INF] Invoking IdentityServer endpoint: "IdentityServer4.Endpoints.DiscoveryKeyEndpoint" for "/.well-known/openid-configuration/jwks" (f7642de5)
2022-03-07T12:31:53.3049533+02:00 80000047-0001-fa00-b63f-84710c7967bb [WRN] Compiling a query which loads related collections for more than one collection navigation either via 'Include' or through projection but no 'QuerySplittingBehavior' has been configured. By default Entity Framework will use 'QuerySplittingBehavior.SingleQuery' which can potentially result in slow query performance. See https://go.microsoft.com/fwlink/?linkid=2134277 for more information. To identify the query that's triggering this warning call 'ConfigureWarnings(w => w.Throw(RelationalEventId.MultipleCollectionIncludeWarning))' (74d62de4)
2022-03-07T12:31:53.3050714+02:00 80000073-0000-fb00-b63f-84710c7967bb [WRN] Compiling a query which loads related collections for more than one collection navigation either via 'Include' or through projection but no 'QuerySplittingBehavior' has been configured. By default Entity Framework will use 'QuerySplittingBehavior.SingleQuery' which can potentially result in slow query performance. See https://go.microsoft.com/fwlink/?linkid=2134277 for more information. To identify the query that's triggering this warning call 'ConfigureWarnings(w => w.Throw(RelationalEventId.MultipleCollectionIncludeWarning))' (74d62de4)
2022-03-07T12:31:59.6849671+02:00 80000075-0000-fb00-b63f-84710c7967bb [INF] Invoking IdentityServer endpoint: "IdentityServer4.Endpoints.DiscoveryEndpoint" for "/.well-known/openid-configuration" (f7642de5)
2022-03-07T12:31:59.6980919+02:00 80000077-0000-fb00-b63f-84710c7967bb [INF] Invoking IdentityServer endpoint: "IdentityServer4.Endpoints.DiscoveryKeyEndpoint" for "/.well-known/openid-configuration/jwks" (f7642de5)
2022-03-07T12:31:59.7209613+02:00 80000049-0002-fc00-b63f-84710c7967bb [INF] Invoking IdentityServer endpoint: "IdentityServer4.Endpoints.TokenEndpoint" for "/connect/token" (f7642de5)
2022-03-07T12:31:59.8817719+02:00 80000049-0002-fc00-b63f-84710c7967bb [INF] Credentials validated for username: "admin" (cb811aa7)
2022-03-07T12:31:59.9392842+02:00 80000049-0002-fc00-b63f-84710c7967bb [INF] Token request validation success, TokenRequestValidationLog { ClientId: "quickapp_spa", ClientName: null, GrantType: "password", Scopes: "email offline_access openid phone profile quickapp_api roles", AuthorizationCode: "********", RefreshToken: "********", UserName: "admin", AuthenticationContextReferenceClasses: null, Tenant: null, IdP: null, Raw: [("username": "admin"), ("password": "***REDACTED***"), ("client_id": "quickapp_spa"), ("grant_type": "password"), ("scope": "openid email phone profile offline_access roles quickapp_api")] } (3a073258)
2022-03-07T12:32:56.0820858+02:00 80000032-0000-ff00-b63f-84710c7967bb [INF] Invoking IdentityServer endpoint: "IdentityServer4.Endpoints.DiscoveryEndpoint" for "/.well-known/openid-configuration" (f7642de5)
2022-03-07T12:32:56.1294151+02:00 80000034-0000-ff00-b63f-84710c7967bb [INF] Invoking IdentityServer endpoint: "IdentityServer4.Endpoints.DiscoveryKeyEndpoint" for "/.well-known/openid-configuration/jwks" (f7642de5)
2022-03-07T12:32:56.1450930+02:00 80000040-0003-ff00-b63f-84710c7967bb [INF] Invoking IdentityServer endpoint: "IdentityServer4.Endpoints.TokenEndpoint" for "/connect/token" (f7642de5)
2022-03-07T12:32:56.1681447+02:00 80000040-0003-ff00-b63f-84710c7967bb [INF] Credentials validated for username: "admin" (cb811aa7)
2022-03-07T12:32:56.1734058+02:00 80000040-0003-ff00-b63f-84710c7967bb [INF] Token request validation success, TokenRequestValidationLog { ClientId: "quickapp_spa", ClientName: null, GrantType: "password", Scopes: "email offline_access openid phone profile quickapp_api roles", AuthorizationCode: "********", RefreshToken: "********", UserName: "admin", AuthenticationContextReferenceClasses: null, Tenant: null, IdP: null, Raw: [("username": "admin"), ("password": "***REDACTED***"), ("client_id": "quickapp_spa"), ("grant_type": "password"), ("scope": "openid email phone profile offline_access roles quickapp_api")] } (3a073258)
2022-03-07T12:33:06.8211354+02:00 8000004f-0001-fa00-b63f-84710c7967bb [WRN] Compiling a query which loads related collections for more than one collection navigation either via 'Include' or through projection but no 'QuerySplittingBehavior' has been configured. By default Entity Framework will use 'QuerySplittingBehavior.SingleQuery' which can potentially result in slow query performance. See https://go.microsoft.com/fwlink/?linkid=2134277 for more information. To identify the query that's triggering this warning call 'ConfigureWarnings(w => w.Throw(RelationalEventId.MultipleCollectionIncludeWarning))' (74d62de4)
2022-03-07T12:35:56.2973212+02:00 80000048-0003-fa00-b63f-84710c7967bb [INF] Invoking IdentityServer endpoint: "IdentityServer4.Endpoints.DiscoveryEndpoint" for "/.well-known/openid-configuration" (f7642de5)
2022-03-07T12:35:56.3144215+02:00 8000000d-0001-f800-b63f-84710c7967bb [INF] Invoking IdentityServer endpoint: "IdentityServer4.Endpoints.DiscoveryKeyEndpoint" for "/.well-known/openid-configuration/jwks" (f7642de5)
2022-03-07T12:35:56.3386369+02:00 80000053-0002-fc00-b63f-84710c7967bb [INF] Invoking IdentityServer endpoint: "IdentityServer4.Endpoints.TokenEndpoint" for "/connect/token" (f7642de5)
2022-03-07T12:35:56.3575701+02:00 80000053-0002-fc00-b63f-84710c7967bb [INF] Credentials validated for username: "Afifi" (cb811aa7)
2022-03-07T12:35:56.3611008+02:00 80000053-0002-fc00-b63f-84710c7967bb [INF] Token request validation success, TokenRequestValidationLog { ClientId: "quickapp_spa", ClientName: null, GrantType: "password", Scopes: "email offline_access openid phone profile quickapp_api roles", AuthorizationCode: "********", RefreshToken: "********", UserName: "Afifi", AuthenticationContextReferenceClasses: null, Tenant: null, IdP: null, Raw: [("username": "Afifi"), ("password": "***REDACTED***"), ("client_id": "quickapp_spa"), ("grant_type": "password"), ("scope": "openid email phone profile offline_access roles quickapp_api")] } (3a073258)
2022-03-07T12:36:36.8547849+02:00 8000000f-0001-f800-b63f-84710c7967bb [INF] Invoking IdentityServer endpoint: "IdentityServer4.Endpoints.DiscoveryEndpoint" for "/.well-known/openid-configuration" (f7642de5)
2022-03-07T12:36:36.8789514+02:00 8000004c-0003-fa00-b63f-84710c7967bb [INF] Invoking IdentityServer endpoint: "IdentityServer4.Endpoints.DiscoveryKeyEndpoint" for "/.well-known/openid-configuration/jwks" (f7642de5)
2022-03-07T12:36:36.8946036+02:00 80000026-0000-f900-b63f-84710c7967bb [INF] Invoking IdentityServer endpoint: "IdentityServer4.Endpoints.TokenEndpoint" for "/connect/token" (f7642de5)
2022-03-07T12:36:36.9432677+02:00 80000026-0000-f900-b63f-84710c7967bb [INF] Token request validation success, TokenRequestValidationLog { ClientId: "quickapp_spa", ClientName: null, GrantType: "refresh_token", Scopes: null, AuthorizationCode: "********", RefreshToken: "****92C4", UserName: null, AuthenticationContextReferenceClasses: null, Tenant: null, IdP: null, Raw: [("refresh_token": "***REDACTED***"), ("client_id": "quickapp_spa"), ("grant_type": "refresh_token")] } (3a073258)
2022-03-07T12:36:47.3961859+02:00 80000013-0001-f800-b63f-84710c7967bb [INF] Invoking IdentityServer endpoint: "IdentityServer4.Endpoints.DiscoveryEndpoint" for "/.well-known/openid-configuration" (f7642de5)
2022-03-07T12:36:47.4126706+02:00 80000028-0000-f900-b63f-84710c7967bb [INF] Invoking IdentityServer endpoint: "IdentityServer4.Endpoints.DiscoveryKeyEndpoint" for "/.well-known/openid-configuration/jwks" (f7642de5)
2022-03-07T12:36:47.4270078+02:00 80000015-0001-f800-b63f-84710c7967bb [INF] Invoking IdentityServer endpoint: "IdentityServer4.Endpoints.TokenEndpoint" for "/connect/token" (f7642de5)
2022-03-07T12:36:47.4480967+02:00 80000015-0001-f800-b63f-84710c7967bb [INF] Credentials validated for username: "admin" (cb811aa7)
2022-03-07T12:36:47.4538121+02:00 80000015-0001-f800-b63f-84710c7967bb [INF] Token request validation success, TokenRequestValidationLog { ClientId: "quickapp_spa", ClientName: null, GrantType: "password", Scopes: "email offline_access openid phone profile quickapp_api roles", AuthorizationCode: "********", RefreshToken: "********", UserName: "admin", AuthenticationContextReferenceClasses: null, Tenant: null, IdP: null, Raw: [("username": "admin"), ("password": "***REDACTED***"), ("client_id": "quickapp_spa"), ("grant_type": "password"), ("scope": "openid email phone profile offline_access roles quickapp_api")] } (3a073258)
2022-03-07T12:37:17.1318772+02:00 80000059-0002-fc00-b63f-84710c7967bb [INF] Invoking IdentityServer endpoint: "IdentityServer4.Endpoints.DiscoveryEndpoint" for "/.well-known/openid-configuration" (f7642de5)
2022-03-07T12:37:17.1475392+02:00 80000050-0003-fa00-b63f-84710c7967bb [INF] Invoking IdentityServer endpoint: "IdentityServer4.Endpoints.DiscoveryKeyEndpoint" for "/.well-known/openid-configuration/jwks" (f7642de5)
2022-03-07T12:37:17.1573371+02:00 8000005b-0002-fc00-b63f-84710c7967bb [INF] Invoking IdentityServer endpoint: "IdentityServer4.Endpoints.TokenEndpoint" for "/connect/token" (f7642de5)
2022-03-07T12:37:17.1760618+02:00 8000005b-0002-fc00-b63f-84710c7967bb [INF] Credentials validated for username: "Afifi" (cb811aa7)
2022-03-07T12:37:17.1804045+02:00 8000005b-0002-fc00-b63f-84710c7967bb [INF] Token request validation success, TokenRequestValidationLog { ClientId: "quickapp_spa", ClientName: null, GrantType: "password", Scopes: "email offline_access openid phone profile quickapp_api roles", AuthorizationCode: "********", RefreshToken: "********", UserName: "Afifi", AuthenticationContextReferenceClasses: null, Tenant: null, IdP: null, Raw: [("username": "Afifi"), ("password": "***REDACTED***"), ("client_id": "quickapp_spa"), ("grant_type": "password"), ("scope": "openid email phone profile offline_access roles quickapp_api")] } (3a073258)
2022-03-07T12:37:28.7935983+02:00 8000002c-0000-f900-b63f-84710c7967bb [INF] Invoking IdentityServer endpoint: "IdentityServer4.Endpoints.DiscoveryEndpoint" for "/.well-known/openid-configuration" (f7642de5)
2022-03-07T12:37:28.8184252+02:00 80000054-0003-fa00-b63f-84710c7967bb [INF] Invoking IdentityServer endpoint: "IdentityServer4.Endpoints.DiscoveryKeyEndpoint" for "/.well-known/openid-configuration/jwks" (f7642de5)
2022-03-07T12:37:28.8272709+02:00 80000056-0003-fa00-b63f-84710c7967bb [INF] Invoking IdentityServer endpoint: "IdentityServer4.Endpoints.TokenEndpoint" for "/connect/token" (f7642de5)
2022-03-07T12:37:28.8346519+02:00 80000056-0003-fa00-b63f-84710c7967bb [INF] Token request validation success, TokenRequestValidationLog { ClientId: "quickapp_spa", ClientName: null, GrantType: "refresh_token", Scopes: null, AuthorizationCode: "********", RefreshToken: "****773D", UserName: null, AuthenticationContextReferenceClasses: null, Tenant: null, IdP: null, Raw: [("refresh_token": "***REDACTED***"), ("client_id": "quickapp_spa"), ("grant_type": "refresh_token")] } (3a073258)
2022-03-07T12:37:34.7484028+02:00 8000005d-0002-fc00-b63f-84710c7967bb [INF] Invoking IdentityServer endpoint: "IdentityServer4.Endpoints.DiscoveryEndpoint" for "/.well-known/openid-configuration" (f7642de5)
2022-03-07T12:37:34.7606551+02:00 8000002e-0000-f900-b63f-84710c7967bb [INF] Invoking IdentityServer endpoint: "IdentityServer4.Endpoints.DiscoveryKeyEndpoint" for "/.well-known/openid-configuration/jwks" (f7642de5)
2022-03-07T12:37:34.7708015+02:00 8000005f-0002-fc00-b63f-84710c7967bb [INF] Invoking IdentityServer endpoint: "IdentityServer4.Endpoints.TokenEndpoint" for "/connect/token" (f7642de5)
2022-03-07T12:37:34.7886876+02:00 8000005f-0002-fc00-b63f-84710c7967bb [INF] Credentials validated for username: "admin" (cb811aa7)
2022-03-07T12:37:34.7937742+02:00 8000005f-0002-fc00-b63f-84710c7967bb [INF] Token request validation success, TokenRequestValidationLog { ClientId: "quickapp_spa", ClientName: null, GrantType: "password", Scopes: "email offline_access openid phone profile quickapp_api roles", AuthorizationCode: "********", RefreshToken: "********", UserName: "admin", AuthenticationContextReferenceClasses: null, Tenant: null, IdP: null, Raw: [("username": "admin"), ("password": "***REDACTED***"), ("client_id": "quickapp_spa"), ("grant_type": "password"), ("scope": "openid email phone profile offline_access roles quickapp_api")] } (3a073258)
